Collecting google-genai
  Using cached google_genai-1.72.0-py3-none-any.whl.metadata (52 kB)
Collecting anyio<5.0.0,>=4.8.0 (from google-genai)
  Using cached anyio-4.13.0-py3-none-any.whl.metadata (4.5 kB)
Collecting google-auth<3.0.0,>=2.48.1 (from google-auth[requests]<3.0.0,>=2.48.1->google-genai)
  Using cached google_auth-2.49.2-py3-none-any.whl.metadata (6.2 kB)
Collecting httpx<1.0.0,>=0.28.1 (from google-genai)
  Using cached httpx-0.28.1-py3-none-any.whl.metadata (7.1 kB)
Collecting pydantic<3.0.0,>=2.9.0 (from google-genai)
  Using cached pydantic-2.13.0-py3-none-any.whl.metadata (107 kB)
Collecting requests<3.0.0,>=2.28.1 (from google-genai)
  Using cached requests-2.33.1-py3-none-any.whl.metadata (4.8 kB)
Collecting tenacity<9.2.0,>=8.2.3 (from google-genai)
  Using cached tenacity-9.1.4-py3-none-any.whl.metadata (1.2 kB)
Collecting websockets<17.0,>=13.0.0 (from google-genai)
  Using cached websockets-16.0-py3-none-any.whl.metadata (6.8 kB)
Requirement already satisfied: typing-extensions<5.0.0,>=4.14.0 in /data/data/com.termux/files/usr/lib/python3.12/site-packages (from google-genai) (4.15.0)
Collecting distro<2,>=1.7.0 (from google-genai)
  Using cached distro-1.9.0-py3-none-any.whl.metadata (6.8 kB)
Collecting sniffio (from google-genai)
  Using cached sniffio-1.3.1-py3-none-any.whl.metadata (3.9 kB)
Requirement already satisfied: idna>=2.8 in /data/data/com.termux/files/usr/lib/python3.12/site-packages (from anyio<5.0.0,>=4.8.0->google-genai) (3.11)
Collecting pyasn1-modules>=0.2.1 (from google-auth<3.0.0,>=2.48.1->google-auth[requests]<3.0.0,>=2.48.1->google-genai)
  Using cached pyasn1_modules-0.4.2-py3-none-any.whl.metadata (3.5 kB)
Collecting cryptography>=38.0.3 (from google-auth<3.0.0,>=2.48.1->google-auth[requests]<3.0.0,>=2.48.1->google-genai)
  Using cached cryptography-46.0.7.tar.gz (750 kB)
  Installing build dependencies: started
  Installing build dependencies: finished with status 'error'
